{
  "RSpec": {
    "coverage": {
      "/Users/adamjonas/Projects/mastermind/lib/mastermind.rb": [
        1,
        1,
        1,
        1,
        1,
        null,
        1,
        0,
        null,
        null,
        1,
        0,
        0,
        null,
        0,
        0,
        null,
        0,
        null,
        null,
        1,
        0,
        0,
        0,
        0,
        null
      ],
      "/Users/adamjonas/Projects/mastermind/lib/player.rb": [
        1,
        1,
        1,
        1,
        25,
        null,
        null,
        null
      ],
      "/Users/adamjonas/Projects/mastermind/lib/cell.rb": [
        1,
        1,
        1,
        1,
        185,
        null,
        null,
        null
      ],
      "/Users/adamjonas/Projects/mastermind/lib/board.rb": [
        1,
        1,
        1,
        null,
        1,
        23,
        null,
        null,
        1,
        115,
        92,
        null,
        null,
        1,
        5,
        null,
        null,
        1,
        3,
        null,
        null,
        1,
        24,
        13,
        null,
        null,
        1,
        4,
        4,
        null,
        null,
        null
      ],
      "/Users/adamjonas/Projects/mastermind/lib/game.rb": [
        1,
        1,
        1,
        1,
        12,
        12,
        12,
        null,
        null,
        1,
        3,
        null,
        null,
        1,
        2,
        2,
        8,
        null,
        2,
        null,
        null,
        1,
        1,
        1,
        null,
        null,
        1,
        2,
        2,
        3,
        3,
        2,
        null,
        1,
        null,
        null,
        null,
        null,
        1,
        0,
        0,
        0,
        0,
        null,
        0,
        0,
        0,
        0,
        null,
        null,
        1,
        0,
        0,
        0,
        null,
        null,
        null,
        1,
        0,
        0,
        null,
        0,
        0,
        0,
        0,
        0,
        0,
        null,
        0,
        null,
        null,
        0,
        null,
        null,
        null
      ],
      "/Users/adamjonas/Projects/mastermind/lib/core_extensions.rb": [
        1,
        1,
        18,
        null,
        null,
        1,
        9,
        null,
        null,
        1,
        1,
        1,
        null,
        null,
        1,
        1,
        1,
        null,
        null,
        1,
        3,
        3,
        3,
        null,
        null
      ],
      "/Users/adamjonas/Projects/mastermind/spec/board_spec.rb": [
        1,
        1,
        12,
        2,
        null,
        1,
        1,
        1,
        null,
        null,
        1,
        1,
        1,
        null,
        null,
        1,
        11,
        null,
        null,
        null,
        1,
        1,
        3,
        null,
        null,
        null,
        1,
        1,
        1,
        1,
        null,
        null,
        null,
        1,
        1,
        1,
        1,
        null,
        null,
        null,
        1,
        1,
        1,
        null,
        null,
        1,
        2,
        2,
        1,
        null,
        null,
        1,
        2,
        2,
        1,
        null,
        null,
        null,
        1,
        1,
        1,
        1,
        1,
        null,
        null,
        1,
        1,
        1,
        1,
        null,
        null,
        null,
        null
      ],
      "/Users/adamjonas/Projects/mastermind/spec/cell_spec.rb": [
        1,
        1,
        null,
        2,
        null,
        1,
        1,
        1,
        null,
        null,
        null,
        1,
        1,
        1,
        null,
        null,
        1,
        1,
        1,
        null,
        null,
        null,
        null
      ],
      "/Users/adamjonas/Projects/mastermind/spec/core_extensions_spec.rb": [
        1,
        null,
        null,
        1,
        1,
        1,
        null,
        null,
        null,
        1,
        1,
        1,
        null,
        null,
        null,
        1,
        2,
        null,
        1,
        2,
        null,
        null,
        null,
        1,
        2,
        1,
        2,
        null,
        null,
        null,
        1,
        2,
        1,
        2,
        null,
        null,
        null
      ],
      "/Users/adamjonas/Projects/mastermind/spec/game_spec.rb": [
        1,
        1,
        13,
        1,
        null,
        1,
        1,
        2,
        null,
        null,
        1,
        1,
        null,
        null,
        1,
        2,
        1,
        null,
        null,
        1,
        2,
        1,
        null,
        null,
        null,
        1,
        4,
        null,
        1,
        3,
        3,
        1,
        null,
        null,
        1,
        3,
        3,
        1,
        null,
        null,
        1,
        1,
        1,
        1,
        null,
        null,
        null,
        1,
        3,
        1,
        5,
        5,
        1,
        null,
        null,
        1,
        5,
        5,
        1,
        null,
        null,
        null,
        1,
        2,
        1,
        1,
        null,
        1,
        2,
        null,
        null,
        null,
        1,
        2,
        2,
        null,
        1,
        2,
        2,
        null,
        null,
        1,
        1,
        1,
        null,
        null,
        null,
        null
      ],
      "/Users/adamjonas/Projects/mastermind/spec/player_spec.rb": [
        1,
        1,
        2,
        null,
        1,
        1,
        1,
        null,
        null,
        null,
        1,
        1,
        1,
        null,
        null,
        1,
        1,
        1,
        null,
        null,
        null,
        null
      ]
    },
    "timestamp": 1611172227
  }
}
